# JRE version: OpenJDK Runtime Environment (8.0_152-b01) (build 1.8.0_152-release-915-b01)
# Java VM: OpenJDK 64-Bit Server VM (25.152-b01 mixed mode windows-amd64 compressed oops)
Heap:
 PSYoungGen      total 346112K, used 176424K [0x00000000e0000000, 0x00000000ffc80000, 0x0000000100000000)
  eden space 175104K, 51% used [0x00000000e0000000,0x00000000e57c73c0,0x00000000eab00000)
  from space 171008K, 50% used [0x00000000eab00000,0x00000000eff82de0,0x00000000f5200000)
  to   space 167424K, 0% used [0x00000000f5900000,0x00000000f5900000,0x00000000ffc80000)
 ParOldGen       total 1048576K, used 865935K [0x00000000a0000000, 0x00000000e0000000, 0x00000000e0000000)
  object space 1048576K, 82% used [0x00000000a0000000,0x00000000d4da3da8,0x00000000e0000000)
 Metaspace       used 72352K, capacity 74274K, committed 75520K, reserved 1114112K
  class space    used 9282K, capacity 9754K, committed 9984K, reserved 1048576K
GC Heap History (10 events):
Event: 30.397 GC heap before
{Heap before GC invocations=32 (full 7):
 PSYoungGen      total 349696K, used 43575K [0x00000000e0000000, 0x0000000100000000, 0x0000000100000000)
  eden space 175104K, 0% used [0x00000000e0000000,0x00000000e0000000,0x00000000eab00000)
  from space 174592K, 24% used [0x00000000eab00000,0x00000000ed58dd98,0x00000000f5580000)
  to   space 174592K, 0% used [0x00000000f5580000,0x00000000f5580000,0x0000000100000000)
 ParOldGen       total 816640K, used 752552K [0x00000000a0000000, 0x00000000d1d80000, 0x00000000e0000000)
  object space 816640K, 92% used [0x00000000a0000000,0x00000000cdeea058,0x00000000d1d80000)
 Metaspace       used 72345K, capacity 74274K, committed 75520K, reserved 1114112K
  class space    used 9282K, capacity 9754K, committed 9984K, reserved 1048576K
Event: 32.357 GC heap after
Heap after GC invocations=32 (full 7):
 PSYoungGen      total 349696K, used 0K [0x00000000e0000000, 0x0000000100000000, 0x0000000100000000)
  eden space 175104K, 0% used [0x00000000e0000000,0x00000000e0000000,0x00000000eab00000)
  from space 174592K, 0% used [0x00000000eab00000,0x00000000eab00000,0x00000000f5580000)
  to   space 174592K, 0% used [0x00000000f5580000,0x00000000f5580000,0x0000000100000000)
 ParOldGen       total 1048576K, used 779985K [0x00000000a0000000, 0x00000000e0000000, 0x00000000e0000000)
  object space 1048576K, 74% used [0x00000000a0000000,0x00000000cf9b4488,0x00000000e0000000)
 Metaspace       used 72345K, capacity 74274K, committed 75520K, reserved 1114112K
  class space    used 9282K, capacity 9754K, committed 9984K, reserved 1048576K
}
Event: 33.077 GC heap before
{Heap before GC invocations=33 (full 7):
 PSYoungGen      total 349696K, used 175104K [0x00000000e0000000, 0x0000000100000000, 0x0000000100000000)
  eden space 175104K, 100% used [0x00000000e0000000,0x00000000eab00000,0x00000000eab00000)
  from space 174592K, 0% used [0x00000000eab00000,0x00000000eab00000,0x00000000f5580000)
  to   space 174592K, 0% used [0x00000000f5580000,0x00000000f5580000,0x0000000100000000)
 ParOldGen       total 1048576K, used 779987K [0x00000000a0000000, 0x00000000e0000000, 0x00000000e0000000)
  object space 1048576K, 74% used [0x00000000a0000000,0x00000000cf9b4c10,0x00000000e0000000)
 Metaspace       used 72345K, capacity 74274K, committed 75520K, reserved 1114112K
  class space    used 9282K, capacity 9754K, committed 9984K, reserved 1048576K
Event: 33.105 GC heap after
Heap after GC invocations=33 (full 7):
 PSYoungGen      total 342528K, used 45476K [0x00000000e0000000, 0x00000000ff900000, 0x0000000100000000)
  eden space 175104K, 0% used [0x00000000e0000000,0x00000000e0000000,0x00000000eab00000)
  from space 167424K, 27% used [0x00000000f5580000,0x00000000f81e9308,0x00000000ff900000)
  to   space 171008K, 0% used [0x00000000eab00000,0x00000000eab00000,0x00000000f5200000)
 ParOldGen       total 1048576K, used 779987K [0x00000000a0000000, 0x00000000e0000000, 0x00000000e0000000)
  object space 1048576K, 74% used [0x00000000a0000000,0x00000000cf9b4c10,0x00000000e0000000)
 Metaspace       used 72345K, capacity 74274K, committed 75520K, reserved 1114112K
  class space    used 9282K, capacity 9754K, committed 9984K, reserved 1048576K
}
Event: 33.765 GC heap before
{Heap before GC invocations=34 (full 7):
 PSYoungGen      total 342528K, used 220580K [0x00000000e0000000, 0x00000000ff900000, 0x0000000100000000)
  eden space 175104K, 100% used [0x00000000e0000000,0x00000000eab00000,0x00000000eab00000)
  from space 167424K, 27% used [0x00000000f5580000,0x00000000f81e9308,0x00000000ff900000)
  to   space 171008K, 0% used [0x00000000eab00000,0x00000000eab00000,0x00000000f5200000)
 ParOldGen       total 1048576K, used 779987K [0x00000000a0000000, 0x00000000e0000000, 0x00000000e0000000)
  object space 1048576K, 74% used [0x00000000a0000000,0x00000000cf9b4c10,0x00000000e0000000)
 Metaspace       used 72346K, capacity 74274K, committed 75520K, reserved 1114112K
  class space    used 9282K, capacity 9754K, committed 9984K, reserved 1048576K
Event: 33.819 GC heap after
Heap after GC invocations=34 (full 7):
 PSYoungGen      total 346112K, used 87040K [0x00000000e0000000, 0x00000000ffc80000, 0x0000000100000000)
  eden space 175104K, 0% used [0x00000000e0000000,0x00000000e0000000,0x00000000eab00000)
  from space 171008K, 50% used [0x00000000eab00000,0x00000000f0000390,0x00000000f5200000)
  to   space 167424K, 0% used [0x00000000f5900000,0x00000000f5900000,0x00000000ffc80000)
 ParOldGen       total 1048576K, used 779987K [0x00000000a0000000, 0x00000000e0000000, 0x00000000e0000000)
  object space 1048576K, 74% used [0x00000000a0000000,0x00000000cf9b4c10,0x00000000e0000000)
 Metaspace       used 72346K, capacity 74274K, committed 75520K, reserved 1114112K
  class space    used 9282K, capacity 9754K, committed 9984K, reserved 1048576K
}
Event: 34.648 GC heap before
{Heap before GC invocations=35 (full 7):
 PSYoungGen      total 346112K, used 262144K [0x00000000e0000000, 0x00000000ffc80000, 0x0000000100000000)
  eden space 175104K, 100% used [0x00000000e0000000,0x00000000eab00000,0x00000000eab00000)
  from space 171008K, 50% used [0x00000000eab00000,0x00000000f0000390,0x00000000f5200000)
  to   space 167424K, 0% used [0x00000000f5900000,0x00000000f5900000,0x00000000ffc80000)
 ParOldGen       total 1048576K, used 779987K [0x00000000a0000000, 0x00000000e0000000, 0x00000000e0000000)
  object space 1048576K, 74% used [0x00000000a0000000,0x00000000cf9b4c10,0x00000000e0000000)
 Metaspace       used 72347K, capacity 74274K, committed 75520K, reserved 1114112K
  class space    used 9282K, capacity 9754K, committed 9984K, reserved 1048576K
Event: 34.733 GC heap after
Heap after GC invocations=35 (full 7):
 PSYoungGen      total 342528K, used 129744K [0x00000000e0000000, 0x00000000ffc80000, 0x0000000100000000)
  eden space 175104K, 0% used [0x00000000e0000000,0x00000000e0000000,0x00000000eab00000)
  from space 167424K, 77% used [0x00000000f5900000,0x00000000fd7b40f8,0x00000000ffc80000)
  to   space 171008K, 0% used [0x00000000eab00000,0x00000000eab00000,0x00000000f5200000)
 ParOldGen       total 1048576K, used 779987K [0x00000000a0000000, 0x00000000e0000000, 0x00000000e0000000)
  object space 1048576K, 74% used [0x00000000a0000000,0x00000000cf9b4c10,0x00000000e0000000)
 Metaspace       used 72347K, capacity 74274K, committed 75520K, reserved 1114112K
  class space    used 9282K, capacity 9754K, committed 9984K, reserved 1048576K
}
Event: 35.539 GC heap before
{Heap before GC invocations=36 (full 7):
 PSYoungGen      total 342528K, used 304848K [0x00000000e0000000, 0x00000000ffc80000, 0x0000000100000000)
  eden space 175104K, 100% used [0x00000000e0000000,0x00000000eab00000,0x00000000eab00000)
  from space 167424K, 77% used [0x00000000f5900000,0x00000000fd7b40f8,0x00000000ffc80000)
  to   space 171008K, 0% used [0x00000000eab00000,0x00000000eab00000,0x00000000f5200000)
 ParOldGen       total 1048576K, used 779987K [0x00000000a0000000, 0x00000000e0000000, 0x00000000e0000000)
  object space 1048576K, 74% used [0x00000000a0000000,0x00000000cf9b4c10,0x00000000e0000000)
 Metaspace       used 72350K, capacity 74274K, committed 75520K, reserved 1114112K
  class space    used 9282K, capacity 9754K, committed 9984K, reserved 1048576K
Event: 35.661 GC heap after
Heap after GC invocations=36 (full 7):
 PSYoungGen      total 346112K, used 86539K [0x00000000e0000000, 0x00000000ffc80000, 0x0000000100000000)
  eden space 175104K, 0% used [0x00000000e0000000,0x00000000e0000000,0x00000000eab00000)
  from space 171008K, 50% used [0x00000000eab00000,0x00000000eff82de0,0x00000000f5200000)
  to   space 167424K, 0% used [0x00000000f5900000,0x00000000f5900000,0x00000000ffc80000)
 ParOldGen       total 1048576K, used 865935K [0x00000000a0000000, 0x00000000e0000000, 0x00000000e0000000)
  object space 1048576K, 82% used [0x00000000a0000000,0x00000000d4da3da8,0x00000000e0000000)
 Metaspace       used 72350K, capacity 74274K, committed 75520K, reserved 1114112K
  class space    used 9282K, capacity 9754K, committed 9984K, reserved 1048576K
}

