# JRE version: OpenJDK Runtime Environment (8.0_152-b01) (build 1.8.0_152-release-915-b01)
# Java VM: OpenJDK 64-Bit Server VM (25.152-b01 mixed mode windows-amd64 compressed oops)
Heap:
 PSYoungGen      total 348672K, used 165455K [0x00000000e0000000, 0x00000000fff00000, 0x0000000100000000)
  eden space 175104K, 69% used [0x00000000e0000000,0x00000000e7638e70,0x00000000eab00000)
  from space 173568K, 25% used [0x00000000f5580000,0x00000000f80dae08,0x00000000fff00000)
  to   space 174080K, 0% used [0x00000000eab00000,0x00000000eab00000,0x00000000f5500000)
 ParOldGen       total 1048576K, used 911627K [0x00000000a0000000, 0x00000000e0000000, 0x00000000e0000000)
  object space 1048576K, 86% used [0x00000000a0000000,0x00000000d7a42dd8,0x00000000e0000000)
 Metaspace       used 76972K, capacity 79248K, committed 80216K, reserved 1118208K
  class space    used 9831K, capacity 10427K, committed 10624K, reserved 1048576K
GC Heap History (10 events):
Event: 43.004 GC heap before
{Heap before GC invocations=38 (full 7):
 PSYoungGen      total 342016K, used 303472K [0x00000000e0000000, 0x0000000100000000, 0x0000000100000000)
  eden space 175104K, 100% used [0x00000000e0000000,0x00000000eab00000,0x00000000eab00000)
  from space 166912K, 76% used [0x00000000f5880000,0x00000000fd5dc210,0x00000000ffb80000)
  to   space 174592K, 0% used [0x00000000eab00000,0x00000000eab00000,0x00000000f5580000)
 ParOldGen       total 962048K, used 709660K [0x00000000a0000000, 0x00000000dab80000, 0x00000000e0000000)
  object space 962048K, 73% used [0x00000000a0000000,0x00000000cb507048,0x00000000dab80000)
 Metaspace       used 76963K, capacity 79248K, committed 80216K, reserved 1118208K
  class space    used 9831K, capacity 10427K, committed 10624K, reserved 1048576K
Event: 43.114 GC heap after
Heap after GC invocations=38 (full 7):
 PSYoungGen      total 349696K, used 85221K [0x00000000e0000000, 0x0000000100000000, 0x0000000100000000)
  eden space 175104K, 0% used [0x00000000e0000000,0x00000000e0000000,0x00000000eab00000)
  from space 174592K, 48% used [0x00000000eab00000,0x00000000efe39458,0x00000000f5580000)
  to   space 171520K, 0% used [0x00000000f5880000,0x00000000f5880000,0x0000000100000000)
 ParOldGen       total 962048K, used 793704K [0x00000000a0000000, 0x00000000dab80000, 0x00000000e0000000)
  object space 962048K, 82% used [0x00000000a0000000,0x00000000d071a3c0,0x00000000dab80000)
 Metaspace       used 76963K, capacity 79248K, committed 80216K, reserved 1118208K
  class space    used 9831K, capacity 10427K, committed 10624K, reserved 1048576K
}
Event: 43.862 GC heap before
{Heap before GC invocations=39 (full 7):
 PSYoungGen      total 349696K, used 260325K [0x00000000e0000000, 0x0000000100000000, 0x0000000100000000)
  eden space 175104K, 100% used [0x00000000e0000000,0x00000000eab00000,0x00000000eab00000)
  from space 174592K, 48% used [0x00000000eab00000,0x00000000efe39458,0x00000000f5580000)
  to   space 171520K, 0% used [0x00000000f5880000,0x00000000f5880000,0x0000000100000000)
 ParOldGen       total 962048K, used 793707K [0x00000000a0000000, 0x00000000dab80000, 0x00000000e0000000)
  object space 962048K, 82% used [0x00000000a0000000,0x00000000d071af68,0x00000000dab80000)
 Metaspace       used 76963K, capacity 79248K, committed 80216K, reserved 1118208K
  class space    used 9831K, capacity 10427K, committed 10624K, reserved 1048576K
Event: 43.942 GC heap after
Heap after GC invocations=39 (full 7):
 PSYoungGen      total 346624K, used 129330K [0x00000000e0000000, 0x0000000100000000, 0x0000000100000000)
  eden space 175104K, 0% used [0x00000000e0000000,0x00000000e0000000,0x00000000eab00000)
  from space 171520K, 75% used [0x00000000f5880000,0x00000000fd6ccae0,0x0000000100000000)
  to   space 174592K, 0% used [0x00000000eab00000,0x00000000eab00000,0x00000000f5580000)
 ParOldGen       total 962048K, used 793707K [0x00000000a0000000, 0x00000000dab80000, 0x00000000e0000000)
  object space 962048K, 82% used [0x00000000a0000000,0x00000000d071af68,0x00000000dab80000)
 Metaspace       used 76963K, capacity 79248K, committed 80216K, reserved 1118208K
  class space    used 9831K, capacity 10427K, committed 10624K, reserved 1048576K
}
Event: 43.942 GC heap before
{Heap before GC invocations=40 (full 7):
 PSYoungGen      total 346624K, used 131989K [0x00000000e0000000, 0x0000000100000000, 0x0000000100000000)
  eden space 175104K, 1% used [0x00000000e0000000,0x00000000e0298c68,0x00000000eab00000)
  from space 171520K, 75% used [0x00000000f5880000,0x00000000fd6ccae0,0x0000000100000000)
  to   space 174592K, 0% used [0x00000000eab00000,0x00000000eab00000,0x00000000f5580000)
 ParOldGen       total 962048K, used 793707K [0x00000000a0000000, 0x00000000dab80000, 0x00000000e0000000)
  object space 962048K, 82% used [0x00000000a0000000,0x00000000d071af68,0x00000000dab80000)
 Metaspace       used 76963K, capacity 79248K, committed 80216K, reserved 1118208K
  class space    used 9831K, capacity 10427K, committed 10624K, reserved 1048576K
Event: 44.034 GC heap after
Heap after GC invocations=40 (full 7):
 PSYoungGen      total 349696K, used 45801K [0x00000000e0000000, 0x0000000100000000, 0x0000000100000000)
  eden space 175104K, 0% used [0x00000000e0000000,0x00000000e0000000,0x00000000eab00000)
  from space 174592K, 26% used [0x00000000eab00000,0x00000000ed7ba750,0x00000000f5580000)
  to   space 174592K, 0% used [0x00000000f5580000,0x00000000f5580000,0x0000000100000000)
 ParOldGen       total 962048K, used 877451K [0x00000000a0000000, 0x00000000dab80000, 0x00000000e0000000)
  object space 962048K, 91% used [0x00000000a0000000,0x00000000d58e2f68,0x00000000dab80000)
 Metaspace       used 76963K, capacity 79248K, committed 80216K, reserved 1118208K
  class space    used 9831K, capacity 10427K, committed 10624K, reserved 1048576K
}
Event: 44.034 GC heap before
{Heap before GC invocations=41 (full 8):
 PSYoungGen      total 349696K, used 45801K [0x00000000e0000000, 0x0000000100000000, 0x0000000100000000)
  eden space 175104K, 0% used [0x00000000e0000000,0x00000000e0000000,0x00000000eab00000)
  from space 174592K, 26% used [0x00000000eab00000,0x00000000ed7ba750,0x00000000f5580000)
  to   space 174592K, 0% used [0x00000000f5580000,0x00000000f5580000,0x0000000100000000)
 ParOldGen       total 962048K, used 877451K [0x00000000a0000000, 0x00000000dab80000, 0x00000000e0000000)
  object space 962048K, 91% used [0x00000000a0000000,0x00000000d58e2f68,0x00000000dab80000)
 Metaspace       used 76963K, capacity 79248K, committed 80216K, reserved 1118208K
  class space    used 9831K, capacity 10427K, committed 10624K, reserved 1048576K
Event: 46.662 GC heap after
Heap after GC invocations=41 (full 8):
 PSYoungGen      total 349696K, used 0K [0x00000000e0000000, 0x0000000100000000, 0x0000000100000000)
  eden space 175104K, 0% used [0x00000000e0000000,0x00000000e0000000,0x00000000eab00000)
  from space 174592K, 0% used [0x00000000eab00000,0x00000000eab00000,0x00000000f5580000)
  to   space 174592K, 0% used [0x00000000f5580000,0x00000000f5580000,0x0000000100000000)
 ParOldGen       total 1048576K, used 911627K [0x00000000a0000000, 0x00000000e0000000, 0x00000000e0000000)
  object space 1048576K, 86% used [0x00000000a0000000,0x00000000d7a42dd8,0x00000000e0000000)
 Metaspace       used 76963K, capacity 79248K, committed 80216K, reserved 1118208K
  class space    used 9831K, capacity 10427K, committed 10624K, reserved 1048576K
}
Event: 47.424 GC heap before
{Heap before GC invocations=42 (full 8):
 PSYoungGen      total 349696K, used 175104K [0x00000000e0000000, 0x0000000100000000, 0x0000000100000000)
  eden space 175104K, 100% used [0x00000000e0000000,0x00000000eab00000,0x00000000eab00000)
  from space 174592K, 0% used [0x00000000eab00000,0x00000000eab00000,0x00000000f5580000)
  to   space 174592K, 0% used [0x00000000f5580000,0x00000000f5580000,0x0000000100000000)
 ParOldGen       total 1048576K, used 911627K [0x00000000a0000000, 0x00000000e0000000, 0x00000000e0000000)
  object space 1048576K, 86% used [0x00000000a0000000,0x00000000d7a42dd8,0x00000000e0000000)
 Metaspace       used 76963K, capacity 79248K, committed 80216K, reserved 1118208K
  class space    used 9831K, capacity 10427K, committed 10624K, reserved 1048576K
Event: 47.454 GC heap after
Heap after GC invocations=42 (full 8):
 PSYoungGen      total 348672K, used 44395K [0x00000000e0000000, 0x00000000fff00000, 0x0000000100000000)
  eden space 175104K, 0% used [0x00000000e0000000,0x00000000e0000000,0x00000000eab00000)
  from space 173568K, 25% used [0x00000000f5580000,0x00000000f80dae08,0x00000000fff00000)
  to   space 174080K, 0% used [0x00000000eab00000,0x00000000eab00000,0x00000000f5500000)
 ParOldGen       total 1048576K, used 911627K [0x00000000a0000000, 0x00000000e0000000, 0x00000000e0000000)
  object space 1048576K, 86% used [0x00000000a0000000,0x00000000d7a42dd8,0x00000000e0000000)
 Metaspace       used 76963K, capacity 79248K, committed 80216K, reserved 1118208K
  class space    used 9831K, capacity 10427K, committed 10624K, reserved 1048576K
}

